[2023-11-13T12:15:40] INFO: 获取到的token是: %s
FqhFzkgp6uidwx_UfueXluyXUuvuBnA9_Qs0c3fsatbrXP-CFHxCwk90lWG0cv35-AseCQ0Ev6amog
[2023-11-13T12:15:40] ERROR: NewOpenAPI called with token: &{102058482 7NQGtIUSDk38zc3H IWw403BOkljy38ytVp15AeXkEtxP1Ek9  QQBot 0xc0004a6050}

[2023-11-13T12:15:40] ERROR: NewOpenAPI called with token: &{102058482 7NQGtIUSDk38zc3H IWw403BOkljy38ytVp15AeXkEtxP1Ek9  QQBot 0xc0004a6050}

[2023-11-13T12:15:40] INFO: [OPENAPI]GET https://api.sgroup.qq.com/users/@me, traceID:6e173510c803dd1e61dec9ac2c1f252d, status:200 OK, elapsed:229.6955ms req: null, resp: {"id":"11911457439174368971","username":"Koishi酱-测试中","avatar":"http://thirdqq.qlogo.cn/g?b=oidb\u0026k=7s7eHSCwdUOGzTQn8vhQ7Q\u0026kti=ZVGi6gAAAAI\u0026s=0\u0026t=1688224347","union_openid":"593697DABC286F40EC53D25CAB02CC6A","union_user_account":""}
[2023-11-13T12:15:40] INFO: [OPENAPI]GET https://api.sgroup.qq.com/gateway/bot, traceID:ad519f69d78095246e99ab4dc358ecd4, status:200 OK, elapsed:163.5506ms req: null, resp: {"url":"wss://api.sgroup.qq.com/websocket","shards":1,"session_start_limit":{"total":1500,"remaining":1493,"reset_after":80064008,"max_concurrency":1}}
[2023-11-13T12:15:40] INFO: [ws/session/local] will start 1 sessions and per session start interval is 2s
[2023-11-13T12:15:42] INFO: [ws][ID:][Shard:(0/1)][Intent:4608], url wss://api.sgroup.qq.com/websocket, connected
[2023-11-13T12:15:42] INFO: [ws][ID:][Shard:(0/1)][Intent:4608] write Identity message, {"op":2,"d":{"token":"QQBot FqhFzkgp6uidwx_UfueXluyXUuvuBnA9_Qs0c3fsatbrXP-CFHxCwk90lWG0cv35-AseCQ0Ev6amog","intents":4608,"shard":[0,1],"properties":{}}}
[2023-11-13T12:15:42] INFO: [ws][ID:][Shard:(0/1)][Intent:4608] receive Hello message, {"d":{"heartbeat_interval":41250},"op":10}
[2023-11-13T12:15:42] INFO: [ws][ID:][Shard:(0/1)][Intent:4608] receive Event message, {"op":0,"s":1,"t":"READY","d":{"version":1,"session_id":"d23bf479-ae76-4366-a33f-657737c3b085","user":{"id":"11911457439174368971","username":"Koishi酱-测试中","bot":true,"status":1},"shard":[0,1]}}
[2023-11-13T14:28:27] INFO: 获取到的token是: %s
877D6p94WRtCUXMsB0HqtNaoTfaK1Y27fqMGP0NK6skMyHUusqu2H33N7SGR97Nq29HJbcf98tjFYw
[2023-11-13T14:28:27] ERROR: NewOpenAPI called with token: &{102058482 7NQGtIUSDk38zc3H IWw403BOkljy38ytVp15AeXkEtxP1Ek9  QQBot 0xc00060e050}

[2023-11-13T14:28:27] ERROR: NewOpenAPI called with token: &{102058482 7NQGtIUSDk38zc3H IWw403BOkljy38ytVp15AeXkEtxP1Ek9  QQBot 0xc00060e050}

[2023-11-13T14:28:28] INFO: [OPENAPI]GET https://api.sgroup.qq.com/users/@me, traceID:2207b7a749ce540d182dde0fdcf2c1b0, status:200 OK, elapsed:256.1961ms req: null, resp: {"id":"11911457439174368971","username":"Koishi酱-测试中","avatar":"http://thirdqq.qlogo.cn/g?b=oidb\u0026k=dNoF0b3iaTsKabMgEicdF6tA\u0026kti=ZVHCCgAAAAI\u0026s=0\u0026t=1688224347","union_openid":"593697DABC286F40EC53D25CAB02CC6A","union_user_account":""}
[2023-11-13T14:28:28] INFO: [OPENAPI]GET https://api.sgroup.qq.com/gateway/bot, traceID:e2367b8f28154d6aa24638892f9edbc4, status:200 OK, elapsed:164.481ms req: null, resp: {"url":"wss://api.sgroup.qq.com/websocket","shards":1,"session_start_limit":{"total":1500,"remaining":1492,"reset_after":72096481,"max_concurrency":1}}
[2023-11-13T14:28:28] INFO: [ws/session/local] will start 1 sessions and per session start interval is 2s
[2023-11-13T14:28:36] INFO: 获取到的token是: %s
877D6p94WRtCUXMsB0HqtNaoTfaK1Y27fqMGP0NK6skMyHUusqu2H33N7SGR97Nq29HJbcf98tjFYw
[2023-11-13T14:28:36] ERROR: NewOpenAPI called with token: &{102058482 7NQGtIUSDk38zc3H IWw403BOkljy38ytVp15AeXkEtxP1Ek9  QQBot 0xc000398050}

[2023-11-13T14:28:36] ERROR: NewOpenAPI called with token: &{102058482 7NQGtIUSDk38zc3H IWw403BOkljy38ytVp15AeXkEtxP1Ek9  QQBot 0xc000398050}

[2023-11-13T14:28:36] INFO: [OPENAPI]GET https://api.sgroup.qq.com/users/@me, traceID:ae1b48f98a8e13a5b504ca0577fa0102, status:200 OK, elapsed:153.9259ms req: null, resp: {"id":"11911457439174368971","username":"Koishi酱-测试中","avatar":"http://thirdqq.qlogo.cn/g?b=oidb\u0026k=NtkC4Htic3cuJ4GCibcPyBtw\u0026kti=ZVHCEgAAAAA\u0026s=0\u0026t=1688224347","union_openid":"593697DABC286F40EC53D25CAB02CC6A","union_user_account":""}
[2023-11-13T14:28:36] INFO: [OPENAPI]GET https://api.sgroup.qq.com/gateway/bot, traceID:5715af54cfa8c50436ddf1b87006ad6c, status:200 OK, elapsed:169.2761ms req: null, resp: {"url":"wss://api.sgroup.qq.com/websocket","shards":1,"session_start_limit":{"total":1500,"remaining":1492,"reset_after":72088056,"max_concurrency":1}}
[2023-11-13T14:28:36] INFO: [ws/session/local] will start 1 sessions and per session start interval is 2s
[2023-11-13T14:28:38] INFO: [ws][ID:][Shard:(0/1)][Intent:4608], url wss://api.sgroup.qq.com/websocket, connected
[2023-11-13T14:28:38] INFO: [ws][ID:][Shard:(0/1)][Intent:4608] write Identity message, {"op":2,"d":{"token":"QQBot 877D6p94WRtCUXMsB0HqtNaoTfaK1Y27fqMGP0NK6skMyHUusqu2H33N7SGR97Nq29HJbcf98tjFYw","intents":4608,"shard":[0,1],"properties":{}}}
[2023-11-13T14:28:38] INFO: [ws][ID:][Shard:(0/1)][Intent:4608] receive Hello message, {"d":{"heartbeat_interval":41250},"op":10}
[2023-11-13T14:28:39] INFO: [ws][ID:][Shard:(0/1)][Intent:4608] receive Event message, {"op":0,"s":1,"t":"READY","d":{"version":1,"session_id":"4261a214-f6f7-4cd9-9631-b1cbca6a6fa5","user":{"id":"11911457439174368971","username":"Koishi酱-测试中","bot":true,"status":1},"shard":[0,1]}}
[2023-11-13T14:28:42] INFO: [ws][ID:4261a214-f6f7-4cd9-9631-b1cbca6a6fa5][Shard:(0/1)][Intent:4608] receive Event message, {"op":0,"s":2,"t":"MESSAGE_CREATE","id":"MESSAGE_CREATE:08a0fa87d8cbb8b4dff30110ca998661389604489784c7aa06","d":{"author":{"avatar":"https://qqchannel-profile-1251316161.file.myqcloud.com/1653300688c35eb0457a95010c?t=1662870010","bot":false,"id":"15733364263153468576","username":"小狐狸"},"channel_id":"203525322","content":"/bind","guild_id":"17563706239672778016","id":"08a0fa87d8cbb8b4dff30110ca998661389604489784c7aa06","member":{"joined_at":"2023-06-01T01:33:49+08:00","nick":"小狐狸","roles":["2","11"]},"seq":534,"seq_in_channel":"534","timestamp":"2023-11-13T14:28:39+08:00"}}
[2023-11-13T14:28:52] INFO: [ws][ID:4261a214-f6f7-4cd9-9631-b1cbca6a6fa5][Shard:(0/1)][Intent:4608] receive Event message, {"op":0,"s":3,"t":"MESSAGE_CREATE","id":"MESSAGE_CREATE:08a0fa87d8cbb8b4dff30110ca99866138970448a184c7aa06","d":{"author":{"avatar":"https://qqchannel-profile-1251316161.file.myqcloud.com/1653300688c35eb0457a95010c?t=1662870010","bot":false,"id":"15733364263153468576","username":"小狐狸"},"channel_id":"203525322","content":"/bind 123","guild_id":"17563706239672778016","id":"08a0fa87d8cbb8b4dff30110ca99866138970448a184c7aa06","member":{"joined_at":"2023-06-01T01:33:49+08:00","nick":"小狐狸","roles":["2","11"]},"seq":535,"seq_in_channel":"535","timestamp":"2023-11-13T14:28:49+08:00"}}
[2023-11-13T14:28:58] INFO: [ws][ID:4261a214-f6f7-4cd9-9631-b1cbca6a6fa5][Shard:(0/1)][Intent:4608] receive Event message, {"op":0,"s":4,"t":"MESSAGE_CREATE","id":"MESSAGE_CREATE:08a0fa87d8cbb8b4dff30110ca99866138980448a784c7aa06","d":{"author":{"avatar":"https://qqchannel-profile-1251316161.file.myqcloud.com/1653300688c35eb0457a95010c?t=1662870010","bot":false,"id":"15733364263153468576","username":"小狐狸"},"channel_id":"203525322","content":"123","guild_id":"17563706239672778016","id":"08a0fa87d8cbb8b4dff30110ca99866138980448a784c7aa06","member":{"joined_at":"2023-06-01T01:33:49+08:00","nick":"小狐狸","roles":["2","11"]},"seq":536,"seq_in_channel":"536","timestamp":"2023-11-13T14:28:55+08:00"}}
[2023-11-13T14:28:58] INFO: [OPENAPI]POST https://api.sgroup.qq.com/channels/203525322/messages, traceID:c790b1e1a3c62c5206a6b0d1528e22e7, status:200 OK, elapsed:423.078ms req: {"content":"太掉了","msg_id":"08a0fa87d8cbb8b4dff30110ca99866138980448a784c7aa06"}, resp: {"id":"08a0fa87d8cbb8b4dff30110ca99866138990448a884c7aa06","channel_id":"203525322","guild_id":"17563706239672778016","content":"太掉了","timestamp":"2023-11-13T14:28:56+08:00","tts":false,"mention_everyone":false,"author":{"id":"11911457439174368971","username":"","avatar":"","bot":true},"pinned":false,"type":0,"flags":0,"seq_in_channel":"537"}
[2023-11-13T14:29:20] INFO: [ws][ID:4261a214-f6f7-4cd9-9631-b1cbca6a6fa5][Shard:(0/1)][Intent:4608] write Heartbeat message, {"op":1,"d":0}
[2023-11-13T14:29:20] INFO: [ws][ID:4261a214-f6f7-4cd9-9631-b1cbca6a6fa5][Shard:(0/1)][Intent:4608] receive HeartbeatAck message, {"op":11}
[2023-11-13T14:29:34] INFO: [ws][ID:4261a214-f6f7-4cd9-9631-b1cbca6a6fa5][Shard:(0/1)][Intent:4608] receive Event message, {"op":0,"s":5,"t":"MESSAGE_CREATE","id":"MESSAGE_CREATE:08a0fa87d8cbb8b4dff30110ca998661389a0448cb84c7aa06","d":{"author":{"avatar":"https://qqchannel-profile-1251316161.file.myqcloud.com/1653300688c35eb0457a95010c?t=1662870010","bot":false,"id":"15733364263153468576","username":"小狐狸"},"channel_id":"203525322","content":"/bind 2 123","guild_id":"17563706239672778016","id":"08a0fa87d8cbb8b4dff30110ca998661389a0448cb84c7aa06","member":{"joined_at":"2023-06-01T01:33:49+08:00","nick":"小狐狸","roles":["2","11"]},"seq":538,"seq_in_channel":"538","timestamp":"2023-11-13T14:29:31+08:00"}}
[2023-11-13T14:29:39] INFO: [ws][ID:4261a214-f6f7-4cd9-9631-b1cbca6a6fa5][Shard:(0/1)][Intent:4608] receive Event message, {"op":0,"s":6,"t":"MESSAGE_CREATE","id":"MESSAGE_CREATE:08a0fa87d8cbb8b4dff30110ca998661389b0448d084c7aa06","d":{"author":{"avatar":"https://qqchannel-profile-1251316161.file.myqcloud.com/1653300688c35eb0457a95010c?t=1662870010","bot":false,"id":"15733364263153468576","username":"小狐狸"},"channel_id":"203525322","content":"1234","guild_id":"17563706239672778016","id":"08a0fa87d8cbb8b4dff30110ca998661389b0448d084c7aa06","member":{"joined_at":"2023-06-01T01:33:49+08:00","nick":"小狐狸","roles":["2","11"]},"seq":539,"seq_in_channel":"539","timestamp":"2023-11-13T14:29:36+08:00"}}
[2023-11-13T14:29:43] INFO: [ws][ID:4261a214-f6f7-4cd9-9631-b1cbca6a6fa5][Shard:(0/1)][Intent:4608] receive Event message, {"op":0,"s":7,"t":"MESSAGE_CREATE","id":"MESSAGE_CREATE:08a0fa87d8cbb8b4dff30110ca998661389c0448d484c7aa06","d":{"author":{"avatar":"https://qqchannel-profile-1251316161.file.myqcloud.com/1653300688c35eb0457a95010c?t=1662870010","bot":false,"id":"15733364263153468576","username":"小狐狸"},"channel_id":"203525322","content":"5555","guild_id":"17563706239672778016","id":"08a0fa87d8cbb8b4dff30110ca998661389c0448d484c7aa06","member":{"joined_at":"2023-06-01T01:33:49+08:00","nick":"小狐狸","roles":["2","11"]},"seq":540,"seq_in_channel":"540","timestamp":"2023-11-13T14:29:40+08:00"}}
